<?xml version="1.0" encoding="UTF-8"?>
<!-- Generated by org.testng.reporters.JUnitReportReporter -->
<testsuite hostname="rohar-glinux" failures="0" tests="2" name="section_016.Day1" time="0.009" errors="0" timestamp="2025-07-18T13:16:16 IST" skipped="0">
  <testcase classname="section_016.Day1" name="demoTest1" time="0.008"/>
  <testcase classname="section_016.Day1" name="demoTest2" time="0.001"/>
</testsuite> <!-- section_016.Day1 -->
