<?xml version="1.0" encoding="UTF-8"?>
<!-- Generated by org.testng.reporters.JUnitReportReporter -->
<testsuite hostname="rohar-glinux" failures="0" tests="1" name="section_016.Day2" time="0.001" errors="0" timestamp="2025-07-15T22:53:39 IST" skipped="0">
  <testcase classname="section_016.Day2" name="personalLoan" time="0.001"/>
</testsuite> <!-- section_016.Day2 -->
