<?xml version="1.0" encoding="UTF-8"?>
<!-- Generated by org.testng.reporters.JUnitReportReporter -->
<testsuite hostname="rohar-glinux" failures="0" tests="3" name="section_016.Day4" time="0.002" errors="0" timestamp="2025-07-18T13:16:16 IST" skipped="0">
  <testcase classname="section_016.Day4" name="APILoginHomeLoan" time="0.001"/>
  <testcase classname="section_016.Day4" name="MobileLoginHomeLoan" time="0.000"/>
  <testcase classname="section_016.Day4" name="WebLoginHomeLoan" time="0.001"/>
</testsuite> <!-- section_016.Day4 -->
